Using pre-set license
Built from '2021.3/release' branch; Version is '2021.3.12f1 (8af3c3e441b1) revision 9106371'; Using compiler version '192829333'; Build Type 'Release'
OS: 'Windows 11  (10.0.22621) 64bit Core' Language: 'en' Physical Memory: 16108 MB
BatchMode: 1, IsHumanControllingUs: 0, StartBugReporterOnCrash: 0, Is64bit: 1, IsPro: 1

COMMAND LINE ARGUMENTS:
C:\Program Files\Unity\Hub\Editor\2021.3.12f1\Editor\Unity.exe
-adb2
-batchMode
-noUpm
-name
AssetImportWorker2
-projectPath
C:/Users/matha/Fps
-logFile
Logs/AssetImportWorker2.log
-srvPort
54221
Successfully changed project path to: C:/Users/matha/Fps
C:/Users/matha/Fps
[UnityMemory] Configuration Parameters - Can be set up in boot.config
    "memorysetup-bucket-allocator-granularity=16"
    "memorysetup-bucket-allocator-bucket-count=8"
    "memorysetup-bucket-allocator-block-size=33554432"
    "memorysetup-bucket-allocator-block-count=8"
    "memorysetup-main-allocator-block-size=16777216"
    "memorysetup-thread-allocator-block-size=16777216"
    "memorysetup-gfx-main-allocator-block-size=16777216"
    "memorysetup-gfx-thread-allocator-block-size=16777216"
    "memorysetup-cache-allocator-block-size=4194304"
    "memorysetup-typetree-allocator-block-size=2097152"
    "memorysetup-profiler-bucket-allocator-granularity=16"
    "memorysetup-profiler-bucket-allocator-bucket-count=8"
    "memorysetup-profiler-bucket-allocator-block-size=33554432"
    "memorysetup-profiler-bucket-allocator-block-count=8"
    "memorysetup-profiler-allocator-block-size=16777216"
    "memorysetup-profiler-editor-allocator-block-size=1048576"
    "memorysetup-temp-allocator-size-main=16777216"
    "memorysetup-job-temp-allocator-block-size=2097152"
    "memorysetup-job-temp-allocator-block-size-background=1048576"
    "memorysetup-job-temp-allocator-reduction-small-platforms=262144"
    "memorysetup-temp-allocator-size-background-worker=32768"
    "memorysetup-temp-allocator-size-job-worker=262144"
    "memorysetup-temp-allocator-size-preload-manager=33554432"
    "memorysetup-temp-allocator-size-nav-mesh-worker=65536"
    "memorysetup-temp-allocator-size-audio-worker=65536"
    "memorysetup-temp-allocator-size-cloud-worker=32768"
    "memorysetup-temp-allocator-size-gi-baking-worker=262144"
    "memorysetup-temp-allocator-size-gfx=262144"
Refreshing native plugins compatible for Editor in 64.58 ms, found 3 plugins.
Preloading 0 native plugins for Editor in 0.00 ms.
Initialize engine version: 2021.3.12f1 (8af3c3e441b1)
[Subsystems] Discovering subsystems at path C:/Program Files/Unity/Hub/Editor/2021.3.12f1/Editor/Data/Resources/UnitySubsystems
[Subsystems] Discovering subsystems at path C:/Users/matha/Fps/Assets
GfxDevice: creating device client; threaded=0; jobified=0
Direct3D:
    Version:  Direct3D 11.0 [level 11.1]
    Renderer: NVIDIA GeForce RTX 3070 Ti Laptop GPU (ID=0x24e0)
    Vendor:   NVIDIA
    VRAM:     8032 MB
    Driver:   31.0.15.2686
Initialize mono
Mono path[0] = 'C:/Program Files/Unity/Hub/Editor/2021.3.12f1/Editor/Data/Managed'
Mono path[1] = 'C:/Program Files/Unity/Hub/Editor/2021.3.12f1/Editor/Data/MonoBleedingEdge/lib/mono/unityjit-win32'
Mono config path = 'C:/Program Files/Unity/Hub/Editor/2021.3.12f1/Editor/Data/MonoBleedingEdge/etc'
Using monoOptions --debugger-agent=transport=dt_socket,embedding=1,server=y,suspend=n,address=127.0.0.1:56196
Begin MonoManager ReloadAssembly
Registering precompiled unity dll's ...
Register platform support module: C:/Program Files/Unity/Hub/Editor/2021.3.12f1/Editor/Data/PlaybackEngines/WebGLSupport/UnityEditor.WebGL.Extensions.dll
Register platform support module: C:/Program Files/Unity/Hub/Editor/2021.3.12f1/Editor/Data/PlaybackEngines/WindowsStandaloneSupport/UnityEditor.WindowsStandalone.Extensions.dll
Registered in 0.006264 seconds.
Native extension for WindowsStandalone target not found
Native extension for WebGL target not found
Refreshing native plugins compatible for Editor in 55.22 ms, found 3 plugins.
Preloading 0 native plugins for Editor in 0.00 ms.
Mono: successfully reloaded assembly
- Completed reload, in  0.489 seconds
Domain Reload Profiling:
	ReloadAssembly (489ms)
		BeginReloadAssembly (75ms)
			ExecutionOrderSort (0ms)
			DisableScriptedObjects (0ms)
			BackupInstance (0ms)
			ReleaseScriptingObjects (0ms)
			CreateAndSetChildDomain (1ms)
		EndReloadAssembly (330ms)
			LoadAssemblies (73ms)
			RebuildTransferFunctionScriptingTraits (0ms)
			SetupTypeCache (76ms)
			ReleaseScriptCaches (0ms)
			RebuildScriptCaches (21ms)
			SetupLoadedEditorAssemblies (196ms)
				LogAssemblyErrors (0ms)
				InitializePlatformSupportModulesInManaged (6ms)
				SetLoadedEditorAssemblies (0ms)
				RefreshPlugins (55ms)
				BeforeProcessingInitializeOnLoad (1ms)
				ProcessInitializeOnLoadAttributes (101ms)
				ProcessInitializeOnLoadMethodAttributes (33ms)
				AfterProcessingInitializeOnLoad (0ms)
				EditorAssembliesLoaded (0ms)
			ExecutionOrderSort2 (0ms)
			AwakeInstancesAfterBackupRestoration (0ms)
Platform modules already initialized, skipping
Registering precompiled user dll's ...
Registered in 0.010039 seconds.
Begin MonoManager ReloadAssembly
Symbol file LoadedFromMemory doesn't match image C:\Users\matha\Fps\Library\PackageCache\com.unity.visualscripting@1.7.8\Editor\VisualScripting.Core\Dependencies\YamlDotNet\Unity.VisualScripting.YamlDotNet.dll
Symbol file LoadedFromMemory doesn't match image C:\Users\matha\Fps\Library\PackageCache\com.unity.visualscripting@1.7.8\Editor\VisualScripting.Core\Dependencies\DotNetZip\Unity.VisualScripting.IonicZip.dll
Native extension for WindowsStandalone target not found
Native extension for WebGL target not found
Refreshing native plugins compatible for Editor in 0.52 ms, found 3 plugins.
Preloading 0 native plugins for Editor in 0.00 ms.
Mono: successfully reloaded assembly
- Completed reload, in  0.764 seconds
Domain Reload Profiling:
	ReloadAssembly (765ms)
		BeginReloadAssembly (78ms)
			ExecutionOrderSort (0ms)
			DisableScriptedObjects (4ms)
			BackupInstance (0ms)
			ReleaseScriptingObjects (0ms)
			CreateAndSetChildDomain (14ms)
		EndReloadAssembly (602ms)
			LoadAssemblies (74ms)
			RebuildTransferFunctionScriptingTraits (0ms)
			SetupTypeCache (194ms)
			ReleaseScriptCaches (0ms)
			RebuildScriptCaches (36ms)
			SetupLoadedEditorAssemblies (268ms)
				LogAssemblyErrors (0ms)
				InitializePlatformSupportModulesInManaged (4ms)
				SetLoadedEditorAssemblies (0ms)
				RefreshPlugins (1ms)
				BeforeProcessingInitializeOnLoad (57ms)
				ProcessInitializeOnLoadAttributes (177ms)
				ProcessInitializeOnLoadMethodAttributes (25ms)
				AfterProcessingInitializeOnLoad (4ms)
				EditorAssembliesLoaded (0ms)
			ExecutionOrderSort2 (0ms)
			AwakeInstancesAfterBackupRestoration (4ms)
Platform modules already initialized, skipping
========================================================================
Worker process is ready to serve import requests
Launched and connected shader compiler UnityShaderCompiler.exe after 0.04 seconds
Refreshing native plugins compatible for Editor in 0.60 ms, found 3 plugins.
Preloading 0 native plugins for Editor in 0.00 ms.
Unloading 3398 Unused Serialized files (Serialized files now loaded: 0)
Unloading 27 unused Assets / (113.9 KB). Loaded Objects now: 3869.
Memory consumption went from 126.0 MB to 125.9 MB.
Total: 2.519900 ms (FindLiveObjects: 0.241800 ms CreateObjectMapping: 0.105100 ms MarkObjects: 2.081600 ms  DeleteObjects: 0.090700 ms)

AssetImportParameters requested are different than current active one (requested -> active):
  custom:video-decoder-ogg-theora: a1e56fd34408186e4bbccfd4996cb3dc -> 
  custom:container-muxer-webm: aa71ff27fc2769a1b78a27578f13a17b -> 
  custom:container-demuxer-webm: 4f35f7cbe854078d1ac9338744f61a02 -> 
  custom:video-encoder-webm-vp8: eb34c28f22e8b96e1ab97ce403110664 -> 
  custom:video-codec-MediaFoundation-h265: 746d11721c4dcdbdad8f713fa42b33f4 -> 
  custom:audio-encoder-webm-vorbis: bf7c407c2cedff20999df2af8eb42d56 -> 
  custom:framework-win-MediaFoundation: 216162199b28c13a410421893ffa2e32 -> 
  custom:container-demuxer-ogg: 62fdf1f143b41e24485cea50d1cbac27 -> 
  custom:video-decoder-webm-vp8: 9c59270c3fd7afecdb556c50c9e8de78 -> 
  custom:audio-decoder-ogg-vorbis: bf7c407c2cedff20999df2af8eb42d56 -> 
========================================================================
Received Import Request.
  Time since last request: 59493.137350 seconds.
  path: Assets/FPS Survival Assets/Materials/Objects
  artifactKey: Guid(fd334a0e05314448a896913ed6db72e2) Importer(815301076,1909f56bfc062723c751e8b465ee728b)
Start importing Assets/FPS Survival Assets/Materials/Objects using Guid(fd334a0e05314448a896913ed6db72e2) Importer(815301076,1909f56bfc062723c751e8b465ee728b)  -> (artifact id: '1a7ebc42f76bb9ba36d0eb4412d67966') in 0.013061 seconds 
========================================================================
Received Import Request.
  Time since last request: 0.077119 seconds.
  path: Assets/FPS Survival Assets/Materials/Objects/Rock_Metal.mat
  artifactKey: Guid(9e96a08ed60245f42a03176169a7ae4a) Importer(815301076,1909f56bfc062723c751e8b465ee728b)
Start importing Assets/FPS Survival Assets/Materials/Objects/Rock_Metal.mat using Guid(9e96a08ed60245f42a03176169a7ae4a) Importer(815301076,1909f56bfc062723c751e8b465ee728b)  -> (artifact id: 'b6d31a3c6e2d39c9ef9fbb32e5ded96c') in 0.130946 seconds 
========================================================================
Received Import Request.
  Time since last request: 6.790150 seconds.
  path: Assets/FPS Survival Assets/Materials/Weapons/First Person
  artifactKey: Guid(a18f1ce3867ce4e429139d43168b4d53) Importer(815301076,1909f56bfc062723c751e8b465ee728b)
Start importing Assets/FPS Survival Assets/Materials/Weapons/First Person using Guid(a18f1ce3867ce4e429139d43168b4d53) Importer(815301076,1909f56bfc062723c751e8b465ee728b)  -> (artifact id: 'ce14c0d548e4ae1018b7588688875330') in 0.002010 seconds 
========================================================================
Received Import Request.
  Time since last request: 0.087314 seconds.
  path: Assets/FPS Survival Assets/Materials/Weapons/First Person/Arms.mat
  artifactKey: Guid(f0dc5b2c180f556429090a6409109062) Importer(815301076,1909f56bfc062723c751e8b465ee728b)
Start importing Assets/FPS Survival Assets/Materials/Weapons/First Person/Arms.mat using Guid(f0dc5b2c180f556429090a6409109062) Importer(815301076,1909f56bfc062723c751e8b465ee728b)  -> (artifact id: 'ee12e107520f107acd2c54bd6a9e7f16') in 0.200546 seconds 
========================================================================
Received Import Request.
  Time since last request: 0.000018 seconds.
  path: Assets/FPS Survival Assets/Materials/Weapons/First Person/Hunting Rifle.mat
  artifactKey: Guid(6bfb1a404763afd4a82c9a00e3426f16) Importer(815301076,1909f56bfc062723c751e8b465ee728b)
Start importing Assets/FPS Survival Assets/Materials/Weapons/First Person/Hunting Rifle.mat using Guid(6bfb1a404763afd4a82c9a00e3426f16) Importer(815301076,1909f56bfc062723c751e8b465ee728b)  -> (artifact id: '22eaeef76ff162c13b059698e0ff057b') in 0.026134 seconds 
========================================================================
Received Import Request.
  Time since last request: 0.000027 seconds.
  path: Assets/FPS Survival Assets/Materials/Weapons/First Person/Wooden Spear.mat
  artifactKey: Guid(de815c610e27f0e4b9268666d6442155) Importer(815301076,1909f56bfc062723c751e8b465ee728b)
Start importing Assets/FPS Survival Assets/Materials/Weapons/First Person/Wooden Spear.mat using Guid(de815c610e27f0e4b9268666d6442155) Importer(815301076,1909f56bfc062723c751e8b465ee728b)  -> (artifact id: 'f66e8976ddf1aeac7cc59e5a009ec771') in 0.013498 seconds 
========================================================================
Received Import Request.
  Time since last request: 0.000025 seconds.
  path: Assets/FPS Survival Assets/Materials/Weapons/First Person/Building Plan.mat
  artifactKey: Guid(45ad18dcc6ecee4418c7ae2d55e331f7) Importer(815301076,1909f56bfc062723c751e8b465ee728b)
Start importing Assets/FPS Survival Assets/Materials/Weapons/First Person/Building Plan.mat using Guid(45ad18dcc6ecee4418c7ae2d55e331f7) Importer(815301076,1909f56bfc062723c751e8b465ee728b)  -> (artifact id: '2eaa51cf382ecfc4287bc72b89f19a02') in 0.176873 seconds 
========================================================================
Received Import Request.
  Time since last request: 0.000020 seconds.
  path: Assets/FPS Survival Assets/Materials/Weapons/First Person/Torch.mat
  artifactKey: Guid(5bdaa2c979f5bf34a8d3425534846b51) Importer(815301076,1909f56bfc062723c751e8b465ee728b)
Start importing Assets/FPS Survival Assets/Materials/Weapons/First Person/Torch.mat using Guid(5bdaa2c979f5bf34a8d3425534846b51) Importer(815301076,1909f56bfc062723c751e8b465ee728b)  -> (artifact id: '22dbdde77ce117c88a766eaca8215c26') in 0.012706 seconds 
========================================================================
Received Import Request.
  Time since last request: 0.000028 seconds.
  path: Assets/FPS Survival Assets/Materials/Weapons/First Person/Shotgun.mat
  artifactKey: Guid(626b338dd308a9d478ff8780feca87c7) Importer(815301076,1909f56bfc062723c751e8b465ee728b)
Start importing Assets/FPS Survival Assets/Materials/Weapons/First Person/Shotgun.mat using Guid(626b338dd308a9d478ff8780feca87c7) Importer(815301076,1909f56bfc062723c751e8b465ee728b)  -> (artifact id: '9e643ef6be88287a29016731e4bb9e7c') in 0.021945 seconds 
========================================================================
Received Import Request.
  Time since last request: 0.000029 seconds.
  path: Assets/FPS Survival Assets/Materials/Weapons/First Person/Wooden Bow.mat
  artifactKey: Guid(268fb23e097dcdf41864edde6d409239) Importer(815301076,1909f56bfc062723c751e8b465ee728b)
Start importing Assets/FPS Survival Assets/Materials/Weapons/First Person/Wooden Bow.mat using Guid(268fb23e097dcdf41864edde6d409239) Importer(815301076,1909f56bfc062723c751e8b465ee728b)  -> (artifact id: 'e206ddcdda7b7ec7cc9d5b4233819698') in 0.021573 seconds 
========================================================================
Received Import Request.
  Time since last request: 0.000022 seconds.
  path: Assets/FPS Survival Assets/Materials/Weapons/First Person/Bone Club.mat
  artifactKey: Guid(0c18cb354c2a2674bbb5e5ffae27a8de) Importer(815301076,1909f56bfc062723c751e8b465ee728b)
Start importing Assets/FPS Survival Assets/Materials/Weapons/First Person/Bone Club.mat using Guid(0c18cb354c2a2674bbb5e5ffae27a8de) Importer(815301076,1909f56bfc062723c751e8b465ee728b)  -> (artifact id: 'fa5ce546d0e91ac37629f2c6aa5cefed') in 0.016960 seconds 
========================================================================
Received Import Request.
  Time since last request: 0.000028 seconds.
  path: Assets/FPS Survival Assets/Materials/Weapons/First Person/Iron Spear.mat
  artifactKey: Guid(f0a88953b3d9b654fbaf89f1c173bbe7) Importer(815301076,1909f56bfc062723c751e8b465ee728b)
Start importing Assets/FPS Survival Assets/Materials/Weapons/First Person/Iron Spear.mat using Guid(f0a88953b3d9b654fbaf89f1c173bbe7) Importer(815301076,1909f56bfc062723c751e8b465ee728b)  -> (artifact id: 'aee578e1c55ae8fd901b23165a609b65') in 0.013715 seconds 
========================================================================
Received Import Request.
  Time since last request: 0.000025 seconds.
  path: Assets/FPS Survival Assets/Materials/Weapons/First Person/Pickaxe.mat
  artifactKey: Guid(2d3e4e5954f9bf04b98f3fc1c5a44e7e) Importer(815301076,1909f56bfc062723c751e8b465ee728b)
Start importing Assets/FPS Survival Assets/Materials/Weapons/First Person/Pickaxe.mat using Guid(2d3e4e5954f9bf04b98f3fc1c5a44e7e) Importer(815301076,1909f56bfc062723c751e8b465ee728b)  -> (artifact id: '2a83f0f02ea10becc86d187bdb535042') in 0.017816 seconds 
Editor requested this worker to shutdown with reason: Scaling down because of idle timeout
AssetImportWorker is now disconnected from the server
Process exiting
Exiting without the bug reporter. Application will terminate with return code 0